Using pre-set license
Built from '2020.3/staging' branch; Version is '2020.3.19f1 (68f137dc9bbe) revision 6877495'; Using compiler version '192528614'; Build Type 'Release'
OS: 'Windows 10 Pro; OS build 19044.1706; Version 2009; 64bit' Language: 'en' Physical Memory: 7882 MB
BatchMode: 1, IsHumanControllingUs: 0, StartBugReporterOnCrash: 0, Is64bit: 1, IsPro: 0

COMMAND LINE ARGUMENTS:
C:\Program Files\Unity Hub\2020.3.19f1\Editor\Unity.exe
-adb2
-batchMode
-noUpm
-name
AssetImportWorker0
-projectPath
D:/Greenwich/Year3/TerrainGenerationPT - REPO/ModularGeneration/ModularProceduralGeneration
-logFile
Logs/AssetImportWorker0.log
-srvPort
61735
Successfully changed project path to: D:/Greenwich/Year3/TerrainGenerationPT - REPO/ModularGeneration/ModularProceduralGeneration
D:/Greenwich/Year3/TerrainGenerationPT - REPO/ModularGeneration/ModularProceduralGeneration
Using Asset Import Pipeline V2.
Refreshing native plugins compatible for Editor in 47.80 ms, found 2 plugins.
Preloading 0 native plugins for Editor in 0.00 ms.
Initialize engine version: 2020.3.19f1 (68f137dc9bbe)
[Subsystems] Discovering subsystems at path C:/Program Files/Unity Hub/2020.3.19f1/Editor/Data/Resources/UnitySubsystems
[Subsystems] Discovering subsystems at path D:/Greenwich/Year3/TerrainGenerationPT - REPO/ModularGeneration/ModularProceduralGeneration/Assets
GfxDevice: creating device client; threaded=0
Direct3D:
    Version:  Direct3D 11.0 [level 11.0]
    Renderer: Intel(R) HD Graphics (ID=0x152)
    Vendor:   
    VRAM:     224 MB
    Driver:   10.18.10.4252
Initialize mono
Mono path[0] = 'C:/Program Files/Unity Hub/2020.3.19f1/Editor/Data/Managed'
Mono path[1] = 'C:/Program Files/Unity Hub/2020.3.19f1/Editor/Data/MonoBleedingEdge/lib/mono/unityjit'
Mono config path = 'C:/Program Files/Unity Hub/2020.3.19f1/Editor/Data/MonoBleedingEdge/etc'
Using monoOptions --debugger-agent=transport=dt_socket,embedding=1,server=y,suspend=n,address=127.0.0.1:56468
Begin MonoManager ReloadAssembly
Registering precompiled unity dll's ...
Register platform support module: C:/Program Files/Unity Hub/2020.3.19f1/Editor/Data/PlaybackEngines/WindowsStandaloneSupport/UnityEditor.WindowsStandalone.Extensions.dll
Registered in 0.005295 seconds.
Native extension for WindowsStandalone target not found
Refreshing native plugins compatible for Editor in 46.84 ms, found 2 plugins.
Preloading 0 native plugins for Editor in 0.00 ms.
Mono: successfully reloaded assembly
- Completed reload, in  2.060 seconds
Domain Reload Profiling:
	ReloadAssembly (2061ms)
		BeginReloadAssembly (117ms)
			ExecutionOrderSort (0ms)
			DisableScriptedObjects (0ms)
			BackupInstance (0ms)
			ReleaseScriptingObjects (0ms)
			CreateAndSetChildDomain (1ms)
		EndReloadAssembly (651ms)
			LoadAssemblies (111ms)
			RebuildTransferFunctionScriptingTraits (0ms)
			SetupTypeCache (236ms)
			ReleaseScriptCaches (0ms)
			RebuildScriptCaches (49ms)
			SetupLoadedEditorAssemblies (248ms)
				LogAssemblyErrors (0ms)
				InitializePlatformSupportModulesInManaged (7ms)
				SetLoadedEditorAssemblies (0ms)
				RefreshPlugins (47ms)
				BeforeProcessingInitializeOnLoad (25ms)
				ProcessInitializeOnLoadAttributes (124ms)
				ProcessInitializeOnLoadMethodAttributes (45ms)
				AfterProcessingInitializeOnLoad (0ms)
				EditorAssembliesLoaded (0ms)
			ExecutionOrderSort2 (0ms)
			AwakeInstancesAfterBackupRestoration (0ms)
Platform modules already initialized, skipping
Registering precompiled user dll's ...
Registered in 0.004591 seconds.
Begin MonoManager ReloadAssembly
Native extension for WindowsStandalone target not found
Refreshing native plugins compatible for Editor in 0.45 ms, found 2 plugins.
Preloading 0 native plugins for Editor in 0.00 ms.
Mono: successfully reloaded assembly
- Completed reload, in  1.629 seconds
Domain Reload Profiling:
	ReloadAssembly (1630ms)
		BeginReloadAssembly (241ms)
			ExecutionOrderSort (0ms)
			DisableScriptedObjects (7ms)
			BackupInstance (0ms)
			ReleaseScriptingObjects (0ms)
			CreateAndSetChildDomain (27ms)
		EndReloadAssembly (1283ms)
			LoadAssemblies (153ms)
			RebuildTransferFunctionScriptingTraits (0ms)
			SetupTypeCache (414ms)
			ReleaseScriptCaches (0ms)
			RebuildScriptCaches (69ms)
			SetupLoadedEditorAssemblies (495ms)
				LogAssemblyErrors (0ms)
				InitializePlatformSupportModulesInManaged (8ms)
				SetLoadedEditorAssemblies (1ms)
				RefreshPlugins (1ms)
				BeforeProcessingInitializeOnLoad (128ms)
				ProcessInitializeOnLoadAttributes (325ms)
				ProcessInitializeOnLoadMethodAttributes (8ms)
				AfterProcessingInitializeOnLoad (24ms)
				EditorAssembliesLoaded (0ms)
			ExecutionOrderSort2 (0ms)
			AwakeInstancesAfterBackupRestoration (10ms)
Platform modules already initialized, skipping
========================================================================
Worker process is ready to serve import requests
Launched and connected shader compiler UnityShaderCompiler.exe after 0.11 seconds
Refreshing native plugins compatible for Editor in 0.45 ms, found 2 plugins.
Preloading 0 native plugins for Editor in 0.00 ms.
Unloading 1422 Unused Serialized files (Serialized files now loaded: 0)
System memory in use before: 78.7 MB.
System memory in use after: 78.8 MB.

Unloading 16 unused Assets to reduce memory usage. Loaded Objects now: 1876.
Total: 3.988000 ms (FindLiveObjects: 0.191300 ms CreateObjectMapping: 0.076700 ms MarkObjects: 3.584200 ms  DeleteObjects: 0.134000 ms)

AssetImportParameters requested are different than current active one (requested -> active):
  custom:framework-win-MediaFoundation: 216162199b28c13a410421893ffa2e32 -> 
  custom:video-decoder-ogg-theora: a1e56fd34408186e4bbccfd4996cb3dc -> 
  custom:container-muxer-webm: aa71ff27fc2769a1b78a27578f13a17b -> 
  custom:container-demuxer-webm: 4f35f7cbe854078d1ac9338744f61a02 -> 
  custom:container-demuxer-ogg: 62fdf1f143b41e24485cea50d1cbac27 -> 
  custom:video-encoder-webm-vp8: eb34c28f22e8b96e1ab97ce403110664 -> 
  custom:video-decoder-webm-vp8: 9c59270c3fd7afecdb556c50c9e8de78 -> 
  custom:audio-decoder-ogg-vorbis: bf7c407c2cedff20999df2af8eb42d56 -> 
  custom:audio-encoder-webm-vorbis: bf7c407c2cedff20999df2af8eb42d56 -> 
========================================================================
Received Import Request.
  path: Assets/Scenes/Testing Scene.unity
  artifactKey: Guid(b767fed409ecba64d9c44c5e6e49054e) Importer(815301076,1909f56bfc062723c751e8b465ee728b)
Start importing Assets/Scenes/Testing Scene.unity using Guid(b767fed409ecba64d9c44c5e6e49054e) Importer(815301076,1909f56bfc062723c751e8b465ee728b)  -> (artifact id: 'dbe7ab09a3ac7c80ceaa48ef2901ef01') in 0.021405 seconds 
  Import took 0.044818 seconds .

========================================================================
Received Import Request.
  Time since last request: 28.234456 seconds.
  path: Assets/ScriptableObjects/NoiseDatas/PerlinNoise/150x150.asset
  artifactKey: Guid(70af46ad2bdcf784c9be4da223f34f46) Importer(815301076,1909f56bfc062723c751e8b465ee728b)
Start importing Assets/ScriptableObjects/NoiseDatas/PerlinNoise/150x150.asset using Guid(70af46ad2bdcf784c9be4da223f34f46) Importer(815301076,1909f56bfc062723c751e8b465ee728b)  -> (artifact id: '1684fcde3e4786b42128a5a09dac1463') in 0.036428 seconds 
  Import took 0.040247 seconds .

========================================================================
Received Import Request.
  Time since last request: 22.440438 seconds.
  path: Assets/ScriptableObjects/NoiseDatas/PerlinNoise/200x200 Fallof 2.asset
  artifactKey: Guid(1191120f531615448a795679f6469a8c) Importer(815301076,1909f56bfc062723c751e8b465ee728b)
Start importing Assets/ScriptableObjects/NoiseDatas/PerlinNoise/200x200 Fallof 2.asset using Guid(1191120f531615448a795679f6469a8c) Importer(815301076,1909f56bfc062723c751e8b465ee728b)  -> (artifact id: 'b88034fb0686fdbc12a5647381c23f52') in 0.034557 seconds 
  Import took 0.048603 seconds .

========================================================================
Received Import Request.
  Time since last request: 0.000347 seconds.
  path: Assets/ScriptableObjects/NoiseDatas/PerlinNoise/400x400 Display.asset
  artifactKey: Guid(d1c5951cae80bbe4ab6db6691818aac6) Importer(815301076,1909f56bfc062723c751e8b465ee728b)
Start importing Assets/ScriptableObjects/NoiseDatas/PerlinNoise/400x400 Display.asset using Guid(d1c5951cae80bbe4ab6db6691818aac6) Importer(815301076,1909f56bfc062723c751e8b465ee728b)  -> (artifact id: 'ebd7766f674f9dee47489717b3cc9c5f') in 0.019396 seconds 
  Import took 0.041861 seconds .

========================================================================
Received Import Request.
  Time since last request: 0.000309 seconds.
  path: Assets/ScriptableObjects/NoiseDatas/PerlinNoise/200x200 Simple.asset
  artifactKey: Guid(948e9b693155e454a92b591702791cf0) Importer(815301076,1909f56bfc062723c751e8b465ee728b)
Start importing Assets/ScriptableObjects/NoiseDatas/PerlinNoise/200x200 Simple.asset using Guid(948e9b693155e454a92b591702791cf0) Importer(815301076,1909f56bfc062723c751e8b465ee728b)  -> (artifact id: '52cf8abebd4bc28878440e2309dca889') in 0.010923 seconds 
  Import took 0.040633 seconds .

========================================================================
Received Import Request.
  Time since last request: 97.475553 seconds.
  path: Assets/Scenes/SampleScene.unity
  artifactKey: Guid(9fc0d4010bbf28b4594072e72b8655ab) Importer(815301076,1909f56bfc062723c751e8b465ee728b)
Start importing Assets/Scenes/SampleScene.unity using Guid(9fc0d4010bbf28b4594072e72b8655ab) Importer(815301076,1909f56bfc062723c751e8b465ee728b)  -> (artifact id: '87ea30bcbff32de67428fad7df4f42ac') in 0.009752 seconds 
  Import took 0.013566 seconds .

========================================================================
Received Import Request.
  Time since last request: 14.040577 seconds.
  path: Assets/Scenes/Testing Scene.unity
  artifactKey: Guid(b767fed409ecba64d9c44c5e6e49054e) Importer(815301076,1909f56bfc062723c751e8b465ee728b)
Start importing Assets/Scenes/Testing Scene.unity using Guid(b767fed409ecba64d9c44c5e6e49054e) Importer(815301076,1909f56bfc062723c751e8b465ee728b)  -> (artifact id: '67f7b93112d24803adf989d5ba68cda3') in 0.004279 seconds 
  Import took 0.021915 seconds .

========================================================================
Received Import Request.
  Time since last request: 206.353288 seconds.
  path: Assets/TerrainPrefab
  artifactKey: Guid(4cb058c17b6ed754baf4064bb3292eff) Importer(815301076,1909f56bfc062723c751e8b465ee728b)
Start importing Assets/TerrainPrefab using Guid(4cb058c17b6ed754baf4064bb3292eff) Importer(815301076,1909f56bfc062723c751e8b465ee728b)  -> (artifact id: 'e32879a30aa56a33c6c34b3c079a10f3') in 0.008829 seconds 
  Import took 0.012457 seconds .

========================================================================
Received Import Request.
  Time since last request: 4.451032 seconds.
  path: Assets/TerrainPrefab/Terrain.prefab
  artifactKey: Guid(849d359cc14c363419f98ee18f300d30) Importer(815301076,1909f56bfc062723c751e8b465ee728b)
Start importing Assets/TerrainPrefab/Terrain.prefab using Guid(849d359cc14c363419f98ee18f300d30) Importer(815301076,1909f56bfc062723c751e8b465ee728b)  -> (artifact id: '26b488c26f74d7a998fa83055fb4f96a') in 0.031715 seconds 
  Import took 0.068350 seconds .

========================================================================
Received Import Request.
  Time since last request: 13.871338 seconds.
  path: Assets/Scenes/Testing Scene.unity
  artifactKey: Guid(b767fed409ecba64d9c44c5e6e49054e) Importer(815301076,1909f56bfc062723c751e8b465ee728b)
Start importing Assets/Scenes/Testing Scene.unity using Guid(b767fed409ecba64d9c44c5e6e49054e) Importer(815301076,1909f56bfc062723c751e8b465ee728b)  -> (artifact id: '507592e17902ea26496e1d15e23d9ac0') in 0.003121 seconds 
  Import took 0.017041 seconds .

========================================================================
Received Import Request.
  Time since last request: 70.514317 seconds.
  path: Assets/ScriptableObjects/NoiseDatas/PerlinNoise/150x150.asset
  artifactKey: Guid(70af46ad2bdcf784c9be4da223f34f46) Importer(815301076,1909f56bfc062723c751e8b465ee728b)
Start importing Assets/ScriptableObjects/NoiseDatas/PerlinNoise/150x150.asset using Guid(70af46ad2bdcf784c9be4da223f34f46) Importer(815301076,1909f56bfc062723c751e8b465ee728b)  -> (artifact id: 'eeb77eec1d5ee9bceb757acc41ba3de8') in 0.003984 seconds 
  Import took 0.030274 seconds .

========================================================================
Received Import Request.
  Time since last request: 3203.012102 seconds.
  path: Assets/Scenes/Testing Scene.unity
  artifactKey: Guid(b767fed409ecba64d9c44c5e6e49054e) Importer(815301076,1909f56bfc062723c751e8b465ee728b)
Start importing Assets/Scenes/Testing Scene.unity using Guid(b767fed409ecba64d9c44c5e6e49054e) Importer(815301076,1909f56bfc062723c751e8b465ee728b)  -> (artifact id: '1d7e1aff503ed172191d5cfd629859fd') in 0.005080 seconds 
  Import took 0.041616 seconds .

========================================================================
Received Import Request.
  Time since last request: 0.307330 seconds.
  path: Assets/Scenes/SampleScene.unity
  artifactKey: Guid(9fc0d4010bbf28b4594072e72b8655ab) Importer(815301076,1909f56bfc062723c751e8b465ee728b)
Start importing Assets/Scenes/SampleScene.unity using Guid(9fc0d4010bbf28b4594072e72b8655ab) Importer(815301076,1909f56bfc062723c751e8b465ee728b)  -> (artifact id: '3531953026c496a9eac16193f0f32bfc') in 0.008599 seconds 
  Import took 0.019482 seconds .

AssetImportWorkerClient::OnTransportError - code=2 error=End of file
